# JRE version: OpenJDK Runtime Environment (7.0_95) (build 1.7.0_95-b00)
# Java VM: OpenJDK 64-Bit Server VM (24.95-b01 mixed mode linux-amd64 compressed oops)
Heap
 PSYoungGen      total 86528K, used 47518K [0x00000000f8000000, 0x00000000fde00000, 0x0000000100000000)
  eden space 77824K, 61% used [0x00000000f8000000,0x00000000fae67a10,0x00000000fcc00000)
  from space 8704K, 0% used [0x00000000fd580000,0x00000000fd580000,0x00000000fde00000)
  to   space 9216K, 0% used [0x00000000fcc00000,0x00000000fcc00000,0x00000000fd500000)
 ParOldGen       total 52736K, used 33223K [0x00000000e8000000, 0x00000000eb380000, 0x00000000f8000000)
  object space 52736K, 62% used [0x00000000e8000000,0x00000000ea071cb8,0x00000000eb380000)
 PSPermGen       total 71680K, used 69885K [0x00000000d8000000, 0x00000000dc600000, 0x00000000e8000000)
  object space 71680K, 97% used [0x00000000d8000000,0x00000000dc43f550,0x00000000dc600000)
GC Heap History (10 events):
Event: 23072.192 GC heap before
{Heap before GC invocations=254 (full 120):
 PSYoungGen      total 83456K, used 7654K [0x00000000f8000000, 0x00000000fdf00000, 0x0000000100000000)
  eden space 75776K, 0% used [0x00000000f8000000,0x00000000f8000000,0x00000000fca00000)
  from space 7680K, 99% used [0x00000000fd380000,0x00000000fdaf9aa0,0x00000000fdb00000)
  to   space 9728K, 0% used [0x00000000fca00000,0x00000000fca00000,0x00000000fd380000)
 ParOldGen       total 52736K, used 45651K [0x00000000e8000000, 0x00000000eb380000, 0x00000000f8000000)
  object space 52736K, 86% used [0x00000000e8000000,0x00000000eac94dc8,0x00000000eb380000)
 PSPermGen       total 69632K, used 69523K [0x00000000d8000000, 0x00000000dc400000, 0x00000000e8000000)
  object space 69632K, 99% used [0x00000000d8000000,0x00000000dc3e4c00,0x00000000dc400000)
Event: 23072.345 GC heap after
Heap after GC invocations=254 (full 120):
 PSYoungGen      total 83456K, used 0K [0x00000000f8000000, 0x00000000fdf00000, 0x0000000100000000)
  eden space 75776K, 0% used [0x00000000f8000000,0x00000000f8000000,0x00000000fca00000)
  from space 7680K, 0% used [0x00000000fd380000,0x00000000fd380000,0x00000000fdb00000)
  to   space 9728K, 0% used [0x00000000fca00000,0x00000000fca00000,0x00000000fd380000)
 ParOldGen       total 52736K, used 35115K [0x00000000e8000000, 0x00000000eb380000, 0x00000000f8000000)
  object space 52736K, 66% used [0x00000000e8000000,0x00000000ea24ac08,0x00000000eb380000)
 PSPermGen       total 71680K, used 69520K [0x00000000d8000000, 0x00000000dc600000, 0x00000000e8000000)
  object space 71680K, 96% used [0x00000000d8000000,0x00000000dc3e4060,0x00000000dc600000)
}
Event: 23132.178 GC heap before
{Heap before GC invocations=255 (full 120):
 PSYoungGen      total 83456K, used 2590K [0x00000000f8000000, 0x00000000fdf00000, 0x0000000100000000)
  eden space 75776K, 3% used [0x00000000f8000000,0x00000000f8287888,0x00000000fca00000)
  from space 7680K, 0% used [0x00000000fd380000,0x00000000fd380000,0x00000000fdb00000)
  to   space 9728K, 0% used [0x00000000fca00000,0x00000000fca00000,0x00000000fd380000)
 ParOldGen       total 52736K, used 35115K [0x00000000e8000000, 0x00000000eb380000, 0x00000000f8000000)
  object space 52736K, 66% used [0x00000000e8000000,0x00000000ea24ac08,0x00000000eb380000)
 PSPermGen       total 71680K, used 69524K [0x00000000d8000000, 0x00000000dc600000, 0x00000000e8000000)
  object space 71680K, 96% used [0x00000000d8000000,0x00000000dc3e5298,0x00000000dc600000)
Event: 23132.181 GC heap after
Heap after GC invocations=255 (full 120):
 PSYoungGen      total 85504K, used 224K [0x00000000f8000000, 0x00000000fdf00000, 0x0000000100000000)
  eden space 75776K, 0% used [0x00000000f8000000,0x00000000f8000000,0x00000000fca00000)
  from space 9728K, 2% used [0x00000000fca00000,0x00000000fca38000,0x00000000fd380000)
  to   space 9728K, 0% used [0x00000000fd580000,0x00000000fd580000,0x00000000fdf00000)
 ParOldGen       total 52736K, used 35115K [0x00000000e8000000, 0x00000000eb380000, 0x00000000f8000000)
  object space 52736K, 66% used [0x00000000e8000000,0x00000000ea24ac08,0x00000000eb380000)
 PSPermGen       total 71680K, used 69524K [0x00000000d8000000, 0x00000000dc600000, 0x00000000e8000000)
  object space 71680K, 96% used [0x00000000d8000000,0x00000000dc3e5298,0x00000000dc600000)
}
Event: 23132.181 GC heap before
{Heap before GC invocations=256 (full 121):
 PSYoungGen      total 85504K, used 224K [0x00000000f8000000, 0x00000000fdf00000, 0x0000000100000000)
  eden space 75776K, 0% used [0x00000000f8000000,0x00000000f8000000,0x00000000fca00000)
  from space 9728K, 2% used [0x00000000fca00000,0x00000000fca38000,0x00000000fd380000)
  to   space 9728K, 0% used [0x00000000fd580000,0x00000000fd580000,0x00000000fdf00000)
 ParOldGen       total 52736K, used 35115K [0x00000000e8000000, 0x00000000eb380000, 0x00000000f8000000)
  object space 52736K, 66% used [0x00000000e8000000,0x00000000ea24ac08,0x00000000eb380000)
 PSPermGen       total 71680K, used 69524K [0x00000000d8000000, 0x00000000dc600000, 0x00000000e8000000)
  object space 71680K, 96% used [0x00000000d8000000,0x00000000dc3e5298,0x00000000dc600000)
Event: 23132.293 GC heap after
Heap after GC invocations=256 (full 121):
 PSYoungGen      total 85504K, used 0K [0x00000000f8000000, 0x00000000fdf00000, 0x0000000100000000)
  eden space 75776K, 0% used [0x00000000f8000000,0x00000000f8000000,0x00000000fca00000)
  from space 9728K, 0% used [0x00000000fca00000,0x00000000fca00000,0x00000000fd380000)
  to   space 9728K, 0% used [0x00000000fd580000,0x00000000fd580000,0x00000000fdf00000)
 ParOldGen       total 52736K, used 33294K [0x00000000e8000000, 0x00000000eb380000, 0x00000000f8000000)
  object space 52736K, 63% used [0x00000000e8000000,0x00000000ea083908,0x00000000eb380000)
 PSPermGen       total 71680K, used 69524K [0x00000000d8000000, 0x00000000dc600000, 0x00000000e8000000)
  object space 71680K, 96% used [0x00000000d8000000,0x00000000dc3e50b8,0x00000000dc600000)
}
Event: 23192.179 GC heap before
{Heap before GC invocations=257 (full 121):
 PSYoungGen      total 85504K, used 8237K [0x00000000f8000000, 0x00000000fdf00000, 0x0000000100000000)
  eden space 75776K, 10% used [0x00000000f8000000,0x00000000f880b7c8,0x00000000fca00000)
  from space 9728K, 0% used [0x00000000fca00000,0x00000000fca00000,0x00000000fd380000)
  to   space 9728K, 0% used [0x00000000fd580000,0x00000000fd580000,0x00000000fdf00000)
 ParOldGen       total 52736K, used 33294K [0x00000000e8000000, 0x00000000eb380000, 0x00000000f8000000)
  object space 52736K, 63% used [0x00000000e8000000,0x00000000ea083908,0x00000000eb380000)
 PSPermGen       total 71680K, used 69836K [0x00000000d8000000, 0x00000000dc600000, 0x00000000e8000000)
  object space 71680K, 97% used [0x00000000d8000000,0x00000000dc433150,0x00000000dc600000)
Event: 23192.191 GC heap after
Heap after GC invocations=257 (full 121):
 PSYoungGen      total 86528K, used 935K [0x00000000f8000000, 0x00000000fde00000, 0x0000000100000000)
  eden space 77824K, 0% used [0x00000000f8000000,0x00000000f8000000,0x00000000fcc00000)
  from space 8704K, 10% used [0x00000000fd580000,0x00000000fd669de8,0x00000000fde00000)
  to   space 9216K, 0% used [0x00000000fcc00000,0x00000000fcc00000,0x00000000fd500000)
 ParOldGen       total 52736K, used 33294K [0x00000000e8000000, 0x00000000eb380000, 0x00000000f8000000)
  object space 52736K, 63% used [0x00000000e8000000,0x00000000ea083908,0x00000000eb380000)
 PSPermGen       total 71680K, used 69836K [0x00000000d8000000, 0x00000000dc600000, 0x00000000e8000000)
  object space 71680K, 97% used [0x00000000d8000000,0x00000000dc433150,0x00000000dc600000)
}
Event: 23192.191 GC heap before
{Heap before GC invocations=258 (full 122):
 PSYoungGen      total 86528K, used 935K [0x00000000f8000000, 0x00000000fde00000, 0x0000000100000000)
  eden space 77824K, 0% used [0x00000000f8000000,0x00000000f8000000,0x00000000fcc00000)
  from space 8704K, 10% used [0x00000000fd580000,0x00000000fd669de8,0x00000000fde00000)
  to   space 9216K, 0% used [0x00000000fcc00000,0x00000000fcc00000,0x00000000fd500000)
 ParOldGen       total 52736K, used 33294K [0x00000000e8000000, 0x00000000eb380000, 0x00000000f8000000)
  object space 52736K, 63% used [0x00000000e8000000,0x00000000ea083908,0x00000000eb380000)
 PSPermGen       total 71680K, used 69836K [0x00000000d8000000, 0x00000000dc600000, 0x00000000e8000000)
  object space 71680K, 97% used [0x00000000d8000000,0x00000000dc433150,0x00000000dc600000)
Event: 23192.357 GC heap after
Heap after GC invocations=258 (full 122):
 PSYoungGen      total 86528K, used 0K [0x00000000f8000000, 0x00000000fde00000, 0x0000000100000000)
  eden space 77824K, 0% used [0x00000000f8000000,0x00000000f8000000,0x00000000fcc00000)
  from space 8704K, 0% used [0x00000000fd580000,0x00000000fd580000,0x00000000fde00000)
  to   space 9216K, 0% used [0x00000000fcc00000,0x00000000fcc00000,0x00000000fd500000)
 ParOldGen       total 52736K, used 33223K [0x00000000e8000000, 0x00000000eb380000, 0x00000000f8000000)
  object space 52736K, 62% used [0x00000000e8000000,0x00000000ea071cb8,0x00000000eb380000)
 PSPermGen       total 71680K, used 69835K [0x00000000d8000000, 0x00000000dc600000, 0x00000000e8000000)
  object space 71680K, 97% used [0x00000000d8000000,0x00000000dc432f98,0x00000000dc600000)
}

