# JRE version: OpenJDK Runtime Environment (7.0_101) (build 1.7.0_101-b00)
# Java VM: OpenJDK 64-Bit Server VM (24.95-b01 mixed mode linux-amd64 compressed oops)
Heap
 PSYoungGen      total 118272K, used 24521K [0x00000000f8000000, 0x00000000ffd00000, 0x0000000100000000)
  eden space 113664K, 21% used [0x00000000f8000000,0x00000000f97f2530,0x00000000fef00000)
  from space 4608K, 0% used [0x00000000fef00000,0x00000000fef00000,0x00000000ff380000)
  to   space 7168K, 0% used [0x00000000ff600000,0x00000000ff600000,0x00000000ffd00000)
 ParOldGen       total 75776K, used 38350K [0x00000000e8000000, 0x00000000eca00000, 0x00000000f8000000)
  object space 75776K, 50% used [0x00000000e8000000,0x00000000ea573be0,0x00000000eca00000)
 PSPermGen       total 74752K, used 72664K [0x00000000d8000000, 0x00000000dc900000, 0x00000000e8000000)
  object space 74752K, 97% used [0x00000000d8000000,0x00000000dc6f6030,0x00000000dc900000)
GC Heap History (10 events):
Event: 5712.227 GC heap before
{Heap before GC invocations=189 (full 92):
 PSYoungGen      total 115712K, used 2039K [0x00000000f8000000, 0x00000000ff800000, 0x0000000100000000)
  eden space 113664K, 0% used [0x00000000f8000000,0x00000000f8000000,0x00000000fef00000)
  from space 2048K, 99% used [0x00000000fef00000,0x00000000ff0fddb0,0x00000000ff100000)
  to   space 4608K, 0% used [0x00000000ff380000,0x00000000ff380000,0x00000000ff800000)
 ParOldGen       total 75776K, used 41360K [0x00000000e8000000, 0x00000000eca00000, 0x00000000f8000000)
  object space 75776K, 54% used [0x00000000e8000000,0x00000000ea864338,0x00000000eca00000)
 PSPermGen       total 70656K, used 70278K [0x00000000d8000000, 0x00000000dc500000, 0x00000000e8000000)
  object space 70656K, 99% used [0x00000000d8000000,0x00000000dc4a1860,0x00000000dc500000)
Event: 5712.454 GC heap after
Heap after GC invocations=189 (full 92):
 PSYoungGen      total 115712K, used 0K [0x00000000f8000000, 0x00000000ff800000, 0x0000000100000000)
  eden space 113664K, 0% used [0x00000000f8000000,0x00000000f8000000,0x00000000fef00000)
  from space 2048K, 0% used [0x00000000fef00000,0x00000000fef00000,0x00000000ff100000)
  to   space 4608K, 0% used [0x00000000ff380000,0x00000000ff380000,0x00000000ff800000)
 ParOldGen       total 75776K, used 42160K [0x00000000e8000000, 0x00000000eca00000, 0x00000000f8000000)
  object space 75776K, 55% used [0x00000000e8000000,0x00000000ea92c118,0x00000000eca00000)
 PSPermGen       total 72192K, used 70277K [0x00000000d8000000, 0x00000000dc680000, 0x00000000e8000000)
  object space 72192K, 97% used [0x00000000d8000000,0x00000000dc4a1490,0x00000000dc680000)
}
Event: 5803.158 GC heap before
{Heap before GC invocations=190 (full 92):
 PSYoungGen      total 115712K, used 40172K [0x00000000f8000000, 0x00000000ff800000, 0x0000000100000000)
  eden space 113664K, 35% used [0x00000000f8000000,0x00000000fa73b2d0,0x00000000fef00000)
  from space 2048K, 0% used [0x00000000fef00000,0x00000000fef00000,0x00000000ff100000)
  to   space 4608K, 0% used [0x00000000ff380000,0x00000000ff380000,0x00000000ff800000)
 ParOldGen       total 75776K, used 42160K [0x00000000e8000000, 0x00000000eca00000, 0x00000000f8000000)
  object space 75776K, 55% used [0x00000000e8000000,0x00000000ea92c118,0x00000000eca00000)
 PSPermGen       total 72192K, used 71432K [0x00000000d8000000, 0x00000000dc680000, 0x00000000e8000000)
  object space 72192K, 98% used [0x00000000d8000000,0x00000000dc5c2368,0x00000000dc680000)
Event: 5803.165 GC heap after
Heap after GC invocations=190 (full 92):
 PSYoungGen      total 118272K, used 2842K [0x00000000f8000000, 0x00000000ff800000, 0x0000000100000000)
  eden space 113664K, 0% used [0x00000000f8000000,0x00000000f8000000,0x00000000fef00000)
  from space 4608K, 61% used [0x00000000ff380000,0x00000000ff646b00,0x00000000ff800000)
  to   space 4608K, 0% used [0x00000000fef00000,0x00000000fef00000,0x00000000ff380000)
 ParOldGen       total 75776K, used 42160K [0x00000000e8000000, 0x00000000eca00000, 0x00000000f8000000)
  object space 75776K, 55% used [0x00000000e8000000,0x00000000ea92c118,0x00000000eca00000)
 PSPermGen       total 72192K, used 71432K [0x00000000d8000000, 0x00000000dc680000, 0x00000000e8000000)
  object space 72192K, 98% used [0x00000000d8000000,0x00000000dc5c2368,0x00000000dc680000)
}
Event: 5803.165 GC heap before
{Heap before GC invocations=191 (full 93):
 PSYoungGen      total 118272K, used 2842K [0x00000000f8000000, 0x00000000ff800000, 0x0000000100000000)
  eden space 113664K, 0% used [0x00000000f8000000,0x00000000f8000000,0x00000000fef00000)
  from space 4608K, 61% used [0x00000000ff380000,0x00000000ff646b00,0x00000000ff800000)
  to   space 4608K, 0% used [0x00000000fef00000,0x00000000fef00000,0x00000000ff380000)
 ParOldGen       total 75776K, used 42160K [0x00000000e8000000, 0x00000000eca00000, 0x00000000f8000000)
  object space 75776K, 55% used [0x00000000e8000000,0x00000000ea92c118,0x00000000eca00000)
 PSPermGen       total 72192K, used 71432K [0x00000000d8000000, 0x00000000dc680000, 0x00000000e8000000)
  object space 72192K, 98% used [0x00000000d8000000,0x00000000dc5c2368,0x00000000dc680000)
Event: 5803.356 GC heap after
Heap after GC invocations=191 (full 93):
 PSYoungGen      total 118272K, used 0K [0x00000000f8000000, 0x00000000ff800000, 0x0000000100000000)
  eden space 113664K, 0% used [0x00000000f8000000,0x00000000f8000000,0x00000000fef00000)
  from space 4608K, 0% used [0x00000000ff380000,0x00000000ff380000,0x00000000ff800000)
  to   space 4608K, 0% used [0x00000000fef00000,0x00000000fef00000,0x00000000ff380000)
 ParOldGen       total 75776K, used 40270K [0x00000000e8000000, 0x00000000eca00000, 0x00000000f8000000)
  object space 75776K, 53% used [0x00000000e8000000,0x00000000ea753a80,0x00000000eca00000)
 PSPermGen       total 73728K, used 71431K [0x00000000d8000000, 0x00000000dc800000, 0x00000000e8000000)
  object space 73728K, 96% used [0x00000000d8000000,0x00000000dc5c1fa8,0x00000000dc800000)
}
Event: 5883.339 GC heap before
{Heap before GC invocations=192 (full 93):
 PSYoungGen      total 118272K, used 52048K [0x00000000f8000000, 0x00000000ff800000, 0x0000000100000000)
  eden space 113664K, 45% used [0x00000000f8000000,0x00000000fb2d43a8,0x00000000fef00000)
  from space 4608K, 0% used [0x00000000ff380000,0x00000000ff380000,0x00000000ff800000)
  to   space 4608K, 0% used [0x00000000fef00000,0x00000000fef00000,0x00000000ff380000)
 ParOldGen       total 75776K, used 40270K [0x00000000e8000000, 0x00000000eca00000, 0x00000000f8000000)
  object space 75776K, 53% used [0x00000000e8000000,0x00000000ea753a80,0x00000000eca00000)
 PSPermGen       total 73728K, used 72459K [0x00000000d8000000, 0x00000000dc800000, 0x00000000e8000000)
  object space 73728K, 98% used [0x00000000d8000000,0x00000000dc6c2e90,0x00000000dc800000)
Event: 5883.353 GC heap after
Heap after GC invocations=192 (full 93):
 PSYoungGen      total 118272K, used 4599K [0x00000000f8000000, 0x00000000ffd00000, 0x0000000100000000)
  eden space 113664K, 0% used [0x00000000f8000000,0x00000000f8000000,0x00000000fef00000)
  from space 4608K, 99% used [0x00000000fef00000,0x00000000ff37df30,0x00000000ff380000)
  to   space 7168K, 0% used [0x00000000ff600000,0x00000000ff600000,0x00000000ffd00000)
 ParOldGen       total 75776K, used 44136K [0x00000000e8000000, 0x00000000eca00000, 0x00000000f8000000)
  object space 75776K, 58% used [0x00000000e8000000,0x00000000eab1a228,0x00000000eca00000)
 PSPermGen       total 73728K, used 72459K [0x00000000d8000000, 0x00000000dc800000, 0x00000000e8000000)
  object space 73728K, 98% used [0x00000000d8000000,0x00000000dc6c2e90,0x00000000dc800000)
}
Event: 5883.353 GC heap before
{Heap before GC invocations=193 (full 94):
 PSYoungGen      total 118272K, used 4599K [0x00000000f8000000, 0x00000000ffd00000, 0x0000000100000000)
  eden space 113664K, 0% used [0x00000000f8000000,0x00000000f8000000,0x00000000fef00000)
  from space 4608K, 99% used [0x00000000fef00000,0x00000000ff37df30,0x00000000ff380000)
  to   space 7168K, 0% used [0x00000000ff600000,0x00000000ff600000,0x00000000ffd00000)
 ParOldGen       total 75776K, used 44136K [0x00000000e8000000, 0x00000000eca00000, 0x00000000f8000000)
  object space 75776K, 58% used [0x00000000e8000000,0x00000000eab1a228,0x00000000eca00000)
 PSPermGen       total 73728K, used 72459K [0x00000000d8000000, 0x00000000dc800000, 0x00000000e8000000)
  object space 73728K, 98% used [0x00000000d8000000,0x00000000dc6c2e90,0x00000000dc800000)
Event: 5883.520 GC heap after
Heap after GC invocations=193 (full 94):
 PSYoungGen      total 118272K, used 0K [0x00000000f8000000, 0x00000000ffd00000, 0x0000000100000000)
  eden space 113664K, 0% used [0x00000000f8000000,0x00000000f8000000,0x00000000fef00000)
  from space 4608K, 0% used [0x00000000fef00000,0x00000000fef00000,0x00000000ff380000)
  to   space 7168K, 0% used [0x00000000ff600000,0x00000000ff600000,0x00000000ffd00000)
 ParOldGen       total 75776K, used 38350K [0x00000000e8000000, 0x00000000eca00000, 0x00000000f8000000)
  object space 75776K, 50% used [0x00000000e8000000,0x00000000ea573be0,0x00000000eca00000)
 PSPermGen       total 74752K, used 72458K [0x00000000d8000000, 0x00000000dc900000, 0x00000000e8000000)
  object space 74752K, 96% used [0x00000000d8000000,0x00000000dc6c2b50,0x00000000dc900000)
}

